[2021-05-10 16:17:47] local.ERROR: file_put_contents(/www/htdocs/w01b7e22/27_03_2021/storage/framework/cache/data/14/ab/14ab61a73b8ce023637f6cc822ce316359e40053): failed to open stream: No such file or directory {"exception":"[object] (ErrorException(code: 0): file_put_contents(/www/htdocs/w01b7e22/27_03_2021/storage/framework/cache/data/14/ab/14ab61a73b8ce023637f6cc822ce316359e40053): failed to open stream: No such file or directory at /www/htdocs/w01b7e22/27_03_2021/vendor/laravel/framework/src/Illuminate/Filesystem/Filesystem.php:122)
[stacktrace]
#0 [internal function]: Illuminate\\Foundation\\Bootstrap\\HandleExceptions->handleError(2, 'file_put_conten...', '/www/htdocs/w01...', 122, Array)
#1 /www/htdocs/w01b7e22/27_03_2021/vendor/laravel/framework/src/Illuminate/Filesystem/Filesystem.php(122): file_put_contents('/www/htdocs/w01...', '1620663527i:0;', 2)
#2 /www/htdocs/w01b7e22/27_03_2021/vendor/laravel/framework/src/Illuminate/Cache/FileStore.php(65): Illuminate\\Filesystem\\Filesystem->put('/www/htdocs/w01...', '1620663527i:0;', true)
#3 /www/htdocs/w01b7e22/27_03_2021/vendor/laravel/framework/src/Illuminate/Cache/Repository.php(211): Illuminate\\Cache\\FileStore->put('0c25fbf2670f63b...', 0, 60)
#4 /www/htdocs/w01b7e22/27_03_2021/vendor/laravel/framework/src/Illuminate/Cache/Repository.php(316): Illuminate\\Cache\\Repository->put('0c25fbf2670f63b...', 0, 60)
#5 /www/htdocs/w01b7e22/27_03_2021/vendor/laravel/framework/src/Illuminate/Cache/RateLimiter.php(63): Illuminate\\Cache\\Repository->add('0c25fbf2670f63b...', 0, 60)
#6 /www/htdocs/w01b7e22/27_03_2021/vendor/laravel/framework/src/Illuminate/Routing/Middleware/ThrottleRequests.php(56): Illuminate\\Cache\\RateLimiter->hit('0c25fbf2670f63b...', 60)
#7 /www/htdocs/w01b7e22/27_03_2021/vendor/laravel/framework/src/Illuminate/Pipeline/Pipeline.php(163): Illuminate\\Routing\\Middleware\\ThrottleRequests->handle(Object(Illuminate\\Http\\Request), Object(Closure), 60, '1')
#8 /www/htdocs/w01b7e22/27_03_2021/vendor/laravel/framework/src/Illuminate/Routing/Pipeline.php(53): Illuminate\\Pipeline\\Pipeline->Illuminate\\Pipeline\\{closure}(Object(Illuminate\\Http\\Request))
#9 /www/htdocs/w01b7e22/27_03_2021/vendor/laravel/framework/src/Illuminate/Pipeline/Pipeline.php(104): Illuminate\\Routing\\Pipeline->Illuminate\\Routing\\{closure}(Object(Illuminate\\Http\\Request))
#10 /www/htdocs/w01b7e22/27_03_2021/vendor/laravel/framework/src/Illuminate/Routing/Router.php(682): Illuminate\\Pipeline\\Pipeline->then(Object(Closure))
#11 /www/htdocs/w01b7e22/27_03_2021/vendor/laravel/framework/src/Illuminate/Routing/Router.php(657): Illuminate\\Routing\\Router->runRouteWithinStack(Object(Illuminate\\Routing\\Route), Object(Illuminate\\Http\\Request))
#12 /www/htdocs/w01b7e22/27_03_2021/vendor/laravel/framework/src/Illuminate/Routing/Router.php(623): Illuminate\\Routing\\Router->runRoute(Object(Illuminate\\Http\\Request), Object(Illuminate\\Routing\\Route))
#13 /www/htdocs/w01b7e22/27_03_2021/vendor/laravel/framework/src/Illuminate/Routing/Router.php(612): Illuminate\\Routing\\Router->dispatchToRoute(Object(Illuminate\\Http\\Request))
#14 /www/htdocs/w01b7e22/27_03_2021/vendor/laravel/framework/src/Illuminate/Foundation/Http/Kernel.php(176): Illuminate\\Routing\\Router->dispatch(Object(Illuminate\\Http\\Request))
#15 /www/htdocs/w01b7e22/27_03_2021/vendor/laravel/framework/src/Illuminate/Routing/Pipeline.php(30): Illuminate\\Foundation\\Http\\Kernel->Illuminate\\Foundation\\Http\\{closure}(Object(Illuminate\\Http\\Request))
#16 /www/htdocs/w01b7e22/27_03_2021/vendor/laravel/framework/src/Illuminate/Foundation/Http/Middleware/TransformsRequest.php(21): Illuminate\\Routing\\Pipeline->Illuminate\\Routing\\{closure}(Object(Illuminate\\Http\\Request))
#17 /www/htdocs/w01b7e22/27_03_2021/vendor/laravel/framework/src/Illuminate/Pipeline/Pipeline.php(163): Illuminate\\Foundation\\Http\\Middleware\\TransformsRequest->handle(Object(Illuminate\\Http\\Request), Object(Closure))
#18 /www/htdocs/w01b7e22/27_03_2021/vendor/laravel/framework/src/Illuminate/Routing/Pipeline.php(53): Illuminate\\Pipeline\\Pipeline->Illuminate\\Pipeline\\{closure}(Object(Illuminate\\Http\\Request))
#19 /www/htdocs/w01b7e22/27_03_2021/app/Http/Middleware/Cors.php(18): Illuminate\\Routing\\Pipeline->Illuminate\\Routing\\{closure}(Object(Illuminate\\Http\\Request))
#20 /www/htdocs/w01b7e22/27_03_2021/vendor/laravel/framework/src/Illuminate/Pipeline/Pipeline.php(163): App\\Http\\Middleware\\Cors->handle(Object(Illuminate\\Http\\Request), Object(Closure))
#21 /www/htdocs/w01b7e22/27_03_2021/vendor/laravel/framework/src/Illuminate/Routing/Pipeline.php(53): Illuminate\\Pipeline\\Pipeline->Illuminate\\Pipeline\\{closure}(Object(Illuminate\\Http\\Request))
#22 /www/htdocs/w01b7e22/27_03_2021/vendor/laravel/framework/src/Illuminate/Foundation/Http/Middleware/TransformsRequest.php(21): Illuminate\\Routing\\Pipeline->Illuminate\\Routing\\{closure}(Object(Illuminate\\Http\\Request))
#23 /www/htdocs/w01b7e22/27_03_2021/vendor/laravel/framework/src/Illuminate/Pipeline/Pipeline.php(163): Illuminate\\Foundation\\Http\\Middleware\\TransformsRequest->handle(Object(Illuminate\\Http\\Request), Object(Closure))
#24 /www/htdocs/w01b7e22/27_03_2021/vendor/laravel/framework/src/Illuminate/Routing/Pipeline.php(53): Illuminate\\Pipeline\\Pipeline->Illuminate\\Pipeline\\{closure}(Object(Illuminate\\Http\\Request))
#25 /www/htdocs/w01b7e22/27_03_2021/vendor/laravel/framework/src/Illuminate/Foundation/Http/Middleware/ValidatePostSize.php(27): Illuminate\\Routing\\Pipeline->Illuminate\\Routing\\{closure}(Object(Illuminate\\Http\\Request))
#26 /www/htdocs/w01b7e22/27_03_2021/vendor/laravel/framework/src/Illuminate/Pipeline/Pipeline.php(163): Illuminate\\Foundation\\Http\\Middleware\\ValidatePostSize->handle(Object(Illuminate\\Http\\Request), Object(Closure))
#27 /www/htdocs/w01b7e22/27_03_2021/vendor/laravel/framework/src/Illuminate/Routing/Pipeline.php(53): Illuminate\\Pipeline\\Pipeline->Illuminate\\Pipeline\\{closure}(Object(Illuminate\\Http\\Request))
#28 /www/htdocs/w01b7e22/27_03_2021/vendor/laravel/framework/src/Illuminate/Foundation/Http/Middleware/CheckForMaintenanceMode.php(62): Illuminate\\Routing\\Pipeline->Illuminate\\Routing\\{closure}(Object(Illuminate\\Http\\Request))
#29 /www/htdocs/w01b7e22/27_03_2021/vendor/laravel/framework/src/Illuminate/Pipeline/Pipeline.php(163): Illuminate\\Foundation\\Http\\Middleware\\CheckForMaintenanceMode->handle(Object(Illuminate\\Http\\Request), Object(Closure))
#30 /www/htdocs/w01b7e22/27_03_2021/vendor/laravel/framework/src/Illuminate/Routing/Pipeline.php(53): Illuminate\\Pipeline\\Pipeline->Illuminate\\Pipeline\\{closure}(Object(Illuminate\\Http\\Request))
#31 /www/htdocs/w01b7e22/27_03_2021/vendor/fruitcake/laravel-cors/src/HandleCors.php(57): Illuminate\\Routing\\Pipeline->Illuminate\\Routing\\{closure}(Object(Illuminate\\Http\\Request))
#32 /www/htdocs/w01b7e22/27_03_2021/vendor/laravel/framework/src/Illuminate/Pipeline/Pipeline.php(163): Fruitcake\\Cors\\HandleCors->handle(Object(Illuminate\\Http\\Request), Object(Closure))
#33 /www/htdocs/w01b7e22/27_03_2021/vendor/laravel/framework/src/Illuminate/Routing/Pipeline.php(53): Illuminate\\Pipeline\\Pipeline->Illuminate\\Pipeline\\{closure}(Object(Illuminate\\Http\\Request))
#34 /www/htdocs/w01b7e22/27_03_2021/vendor/fideloper/proxy/src/TrustProxies.php(57): Illuminate\\Routing\\Pipeline->Illuminate\\Routing\\{closure}(Object(Illuminate\\Http\\Request))
#35 /www/htdocs/w01b7e22/27_03_2021/vendor/laravel/framework/src/Illuminate/Pipeline/Pipeline.php(163): Fideloper\\Proxy\\TrustProxies->handle(Object(Illuminate\\Http\\Request), Object(Closure))
#36 /www/htdocs/w01b7e22/27_03_2021/vendor/laravel/framework/src/Illuminate/Routing/Pipeline.php(53): Illuminate\\Pipeline\\Pipeline->Illuminate\\Pipeline\\{closure}(Object(Illuminate\\Http\\Request))
#37 /www/htdocs/w01b7e22/27_03_2021/vendor/laravel/framework/src/Illuminate/Pipeline/Pipeline.php(104): Illuminate\\Routing\\Pipeline->Illuminate\\Routing\\{closure}(Object(Illuminate\\Http\\Request))
#38 /www/htdocs/w01b7e22/27_03_2021/vendor/laravel/framework/src/Illuminate/Foundation/Http/Kernel.php(151): Illuminate\\Pipeline\\Pipeline->then(Object(Closure))
#39 /www/htdocs/w01b7e22/27_03_2021/vendor/laravel/framework/src/Illuminate/Foundation/Http/Kernel.php(116): Illuminate\\Foundation\\Http\\Kernel->sendRequestThroughRouter(Object(Illuminate\\Http\\Request))
#40 /www/htdocs/w01b7e22/27_03_2021/index.php(55): Illuminate\\Foundation\\Http\\Kernel->handle(Object(Illuminate\\Http\\Request))
#41 {main}
"} 
