[2021-07-08 03:53:21] local.ERROR: Uncaught ReflectionException: Class Illuminate\Auth\Middleware\RequirePassword does not exist in Command line code:1
Stack trace:
#0 Command line code(1): ReflectionMethod->__construct('Illuminate\\Auth...', 'handle')
#1 {main}
  thrown {"exception":"[object] (Symfony\\Component\\Debug\\Exception\\FatalErrorException(code: 1): Uncaught ReflectionException: Class Illuminate\\Auth\\Middleware\\RequirePassword does not exist in Command line code:1
Stack trace:
#0 Command line code(1): ReflectionMethod->__construct('Illuminate\\\\Auth...', 'handle')
#1 {main}
  thrown at Command line code:1)
[stacktrace]
#0 {main}
"} 
[2021-07-08 07:29:05] local.ERROR: Address in mailbox given [] does not comply with RFC 2822, 3.6.2. {"exception":"[object] (Swift_RfcComplianceException(code: 0): Address in mailbox given [] does not comply with RFC 2822, 3.6.2. at E:\\Fiverr Projects\\Dilshan\\web\\Lahiru\\kitaAppBackend\\vendor\\swiftmailer\\swiftmailer\\lib\\classes\\Swift\\Mime\\Headers\\MailboxHeader.php:355)
[stacktrace]
#0 E:\\Fiverr Projects\\Dilshan\\web\\Lahiru\\kitaAppBackend\\vendor\\swiftmailer\\swiftmailer\\lib\\classes\\Swift\\Mime\\Headers\\MailboxHeader.php(272): Swift_Mime_Headers_MailboxHeader->assertValidAddress('')
#1 E:\\Fiverr Projects\\Dilshan\\web\\Lahiru\\kitaAppBackend\\vendor\\swiftmailer\\swiftmailer\\lib\\classes\\Swift\\Mime\\Headers\\MailboxHeader.php(117): Swift_Mime_Headers_MailboxHeader->normalizeMailboxes(Array)
#2 E:\\Fiverr Projects\\Dilshan\\web\\Lahiru\\kitaAppBackend\\vendor\\swiftmailer\\swiftmailer\\lib\\classes\\Swift\\Mime\\Headers\\MailboxHeader.php(74): Swift_Mime_Headers_MailboxHeader->setNameAddresses(Array)
#3 E:\\Fiverr Projects\\Dilshan\\web\\Lahiru\\kitaAppBackend\\vendor\\swiftmailer\\swiftmailer\\lib\\classes\\Swift\\Mime\\SimpleHeaderFactory.php(61): Swift_Mime_Headers_MailboxHeader->setFieldBodyModel(Array)
#4 E:\\Fiverr Projects\\Dilshan\\web\\Lahiru\\kitaAppBackend\\vendor\\swiftmailer\\swiftmailer\\lib\\classes\\Swift\\Mime\\SimpleHeaderSet.php(71): Swift_Mime_SimpleHeaderFactory->createMailboxHeader('To', Array)
#5 E:\\Fiverr Projects\\Dilshan\\web\\Lahiru\\kitaAppBackend\\vendor\\swiftmailer\\swiftmailer\\lib\\classes\\Swift\\Mime\\SimpleMessage.php(323): Swift_Mime_SimpleHeaderSet->addMailboxHeader('To', Array)
#6 E:\\Fiverr Projects\\Dilshan\\web\\Lahiru\\kitaAppBackend\\vendor\\swiftmailer\\swiftmailer\\lib\\classes\\Swift\\Mime\\SimpleMessage.php(299): Swift_Mime_SimpleMessage->setTo(Array)
#7 E:\\Fiverr Projects\\Dilshan\\web\\Lahiru\\kitaAppBackend\\vendor\\laravel\\framework\\src\\Illuminate\\Mail\\Message.php(164): Swift_Mime_SimpleMessage->addTo(NULL, 'Tutorials Point')
#8 E:\\Fiverr Projects\\Dilshan\\web\\Lahiru\\kitaAppBackend\\vendor\\laravel\\framework\\src\\Illuminate\\Mail\\Message.php(98): Illuminate\\Mail\\Message->addAddresses(NULL, 'Tutorials Point', 'To')
#9 E:\\Fiverr Projects\\Dilshan\\web\\Lahiru\\kitaAppBackend\\app\\Http\\Controllers\\UserController.php(450): Illuminate\\Mail\\Message->to(NULL, 'Tutorials Point')
#10 [internal function]: App\\Http\\Controllers\\UserController->App\\Http\\Controllers\\{closure}(Object(Illuminate\\Mail\\Message))
#11 E:\\Fiverr Projects\\Dilshan\\web\\Lahiru\\kitaAppBackend\\vendor\\laravel\\framework\\src\\Illuminate\\Mail\\Mailer.php(242): call_user_func(Object(Closure), Object(Illuminate\\Mail\\Message))
#12 E:\\Fiverr Projects\\Dilshan\\web\\Lahiru\\kitaAppBackend\\vendor\\laravel\\framework\\src\\Illuminate\\Support\\Facades\\Facade.php(239): Illuminate\\Mail\\Mailer->send('mail/kid_code', Array, Object(Closure))
#13 E:\\Fiverr Projects\\Dilshan\\web\\Lahiru\\kitaAppBackend\\app\\Http\\Controllers\\UserController.php(452): Illuminate\\Support\\Facades\\Facade::__callStatic('send', Array)
#14 [internal function]: App\\Http\\Controllers\\UserController->add_new_kid(Object(Illuminate\\Http\\Request))
#15 E:\\Fiverr Projects\\Dilshan\\web\\Lahiru\\kitaAppBackend\\vendor\\laravel\\framework\\src\\Illuminate\\Routing\\Controller.php(54): call_user_func_array(Array, Array)
#16 E:\\Fiverr Projects\\Dilshan\\web\\Lahiru\\kitaAppBackend\\vendor\\laravel\\framework\\src\\Illuminate\\Routing\\ControllerDispatcher.php(45): Illuminate\\Routing\\Controller->callAction('add_new_kid', Array)
#17 E:\\Fiverr Projects\\Dilshan\\web\\Lahiru\\kitaAppBackend\\vendor\\laravel\\framework\\src\\Illuminate\\Routing\\Route.php(219): Illuminate\\Routing\\ControllerDispatcher->dispatch(Object(Illuminate\\Routing\\Route), Object(App\\Http\\Controllers\\UserController), 'add_new_kid')
#18 E:\\Fiverr Projects\\Dilshan\\web\\Lahiru\\kitaAppBackend\\vendor\\laravel\\framework\\src\\Illuminate\\Routing\\Route.php(176): Illuminate\\Routing\\Route->runController()
#19 E:\\Fiverr Projects\\Dilshan\\web\\Lahiru\\kitaAppBackend\\vendor\\laravel\\framework\\src\\Illuminate\\Routing\\Router.php(680): Illuminate\\Routing\\Route->run()
#20 E:\\Fiverr Projects\\Dilshan\\web\\Lahiru\\kitaAppBackend\\vendor\\laravel\\framework\\src\\Illuminate\\Routing\\Pipeline.php(30): Illuminate\\Routing\\Router->Illuminate\\Routing\\{closure}(Object(Illuminate\\Http\\Request))
#21 E:\\Fiverr Projects\\Dilshan\\web\\Lahiru\\kitaAppBackend\\vendor\\laravel\\framework\\src\\Illuminate\\Routing\\Middleware\\SubstituteBindings.php(41): Illuminate\\Routing\\Pipeline->Illuminate\\Routing\\{closure}(Object(Illuminate\\Http\\Request))
#22 E:\\Fiverr Projects\\Dilshan\\web\\Lahiru\\kitaAppBackend\\vendor\\laravel\\framework\\src\\Illuminate\\Pipeline\\Pipeline.php(163): Illuminate\\Routing\\Middleware\\SubstituteBindings->handle(Object(Illuminate\\Http\\Request), Object(Closure))
#23 E:\\Fiverr Projects\\Dilshan\\web\\Lahiru\\kitaAppBackend\\vendor\\laravel\\framework\\src\\Illuminate\\Routing\\Pipeline.php(53): Illuminate\\Pipeline\\Pipeline->Illuminate\\Pipeline\\{closure}(Object(Illuminate\\Http\\Request))
#24 E:\\Fiverr Projects\\Dilshan\\web\\Lahiru\\kitaAppBackend\\vendor\\laravel\\framework\\src\\Illuminate\\Foundation\\Http\\Middleware\\VerifyCsrfToken.php(75): Illuminate\\Routing\\Pipeline->Illuminate\\Routing\\{closure}(Object(Illuminate\\Http\\Request))
#25 E:\\Fiverr Projects\\Dilshan\\web\\Lahiru\\kitaAppBackend\\vendor\\laravel\\framework\\src\\Illuminate\\Pipeline\\Pipeline.php(163): Illuminate\\Foundation\\Http\\Middleware\\VerifyCsrfToken->handle(Object(Illuminate\\Http\\Request), Object(Closure))
#26 E:\\Fiverr Projects\\Dilshan\\web\\Lahiru\\kitaAppBackend\\vendor\\laravel\\framework\\src\\Illuminate\\Routing\\Pipeline.php(53): Illuminate\\Pipeline\\Pipeline->Illuminate\\Pipeline\\{closure}(Object(Illuminate\\Http\\Request))
#27 E:\\Fiverr Projects\\Dilshan\\web\\Lahiru\\kitaAppBackend\\vendor\\laravel\\framework\\src\\Illuminate\\View\\Middleware\\ShareErrorsFromSession.php(49): Illuminate\\Routing\\Pipeline->Illuminate\\Routing\\{closure}(Object(Illuminate\\Http\\Request))
#28 E:\\Fiverr Projects\\Dilshan\\web\\Lahiru\\kitaAppBackend\\vendor\\laravel\\framework\\src\\Illuminate\\Pipeline\\Pipeline.php(163): Illuminate\\View\\Middleware\\ShareErrorsFromSession->handle(Object(Illuminate\\Http\\Request), Object(Closure))
#29 E:\\Fiverr Projects\\Dilshan\\web\\Lahiru\\kitaAppBackend\\vendor\\laravel\\framework\\src\\Illuminate\\Routing\\Pipeline.php(53): Illuminate\\Pipeline\\Pipeline->Illuminate\\Pipeline\\{closure}(Object(Illuminate\\Http\\Request))
#30 E:\\Fiverr Projects\\Dilshan\\web\\Lahiru\\kitaAppBackend\\vendor\\laravel\\framework\\src\\Illuminate\\Session\\Middleware\\StartSession.php(56): Illuminate\\Routing\\Pipeline->Illuminate\\Routing\\{closure}(Object(Illuminate\\Http\\Request))
#31 E:\\Fiverr Projects\\Dilshan\\web\\Lahiru\\kitaAppBackend\\vendor\\laravel\\framework\\src\\Illuminate\\Pipeline\\Pipeline.php(163): Illuminate\\Session\\Middleware\\StartSession->handle(Object(Illuminate\\Http\\Request), Object(Closure))
#32 E:\\Fiverr Projects\\Dilshan\\web\\Lahiru\\kitaAppBackend\\vendor\\laravel\\framework\\src\\Illuminate\\Routing\\Pipeline.php(53): Illuminate\\Pipeline\\Pipeline->Illuminate\\Pipeline\\{closure}(Object(Illuminate\\Http\\Request))
#33 E:\\Fiverr Projects\\Dilshan\\web\\Lahiru\\kitaAppBackend\\vendor\\laravel\\framework\\src\\Illuminate\\Cookie\\Middleware\\AddQueuedCookiesToResponse.php(37): Illuminate\\Routing\\Pipeline->Illuminate\\Routing\\{closure}(Object(Illuminate\\Http\\Request))
#34 E:\\Fiverr Projects\\Dilshan\\web\\Lahiru\\kitaAppBackend\\vendor\\laravel\\framework\\src\\Illuminate\\Pipeline\\Pipeline.php(163): Illuminate\\Cookie\\Middleware\\AddQueuedCookiesToResponse->handle(Object(Illuminate\\Http\\Request), Object(Closure))
#35 E:\\Fiverr Projects\\Dilshan\\web\\Lahiru\\kitaAppBackend\\vendor\\laravel\\framework\\src\\Illuminate\\Routing\\Pipeline.php(53): Illuminate\\Pipeline\\Pipeline->Illuminate\\Pipeline\\{closure}(Object(Illuminate\\Http\\Request))
#36 E:\\Fiverr Projects\\Dilshan\\web\\Lahiru\\kitaAppBackend\\vendor\\laravel\\framework\\src\\Illuminate\\Cookie\\Middleware\\EncryptCookies.php(66): Illuminate\\Routing\\Pipeline->Illuminate\\Routing\\{closure}(Object(Illuminate\\Http\\Request))
#37 E:\\Fiverr Projects\\Dilshan\\web\\Lahiru\\kitaAppBackend\\vendor\\laravel\\framework\\src\\Illuminate\\Pipeline\\Pipeline.php(163): Illuminate\\Cookie\\Middleware\\EncryptCookies->handle(Object(Illuminate\\Http\\Request), Object(Closure))
#38 E:\\Fiverr Projects\\Dilshan\\web\\Lahiru\\kitaAppBackend\\vendor\\laravel\\framework\\src\\Illuminate\\Routing\\Pipeline.php(53): Illuminate\\Pipeline\\Pipeline->Illuminate\\Pipeline\\{closure}(Object(Illuminate\\Http\\Request))
#39 E:\\Fiverr Projects\\Dilshan\\web\\Lahiru\\kitaAppBackend\\vendor\\laravel\\framework\\src\\Illuminate\\Pipeline\\Pipeline.php(104): Illuminate\\Routing\\Pipeline->Illuminate\\Routing\\{closure}(Object(Illuminate\\Http\\Request))
#40 E:\\Fiverr Projects\\Dilshan\\web\\Lahiru\\kitaAppBackend\\vendor\\laravel\\framework\\src\\Illuminate\\Routing\\Router.php(682): Illuminate\\Pipeline\\Pipeline->then(Object(Closure))
#41 E:\\Fiverr Projects\\Dilshan\\web\\Lahiru\\kitaAppBackend\\vendor\\laravel\\framework\\src\\Illuminate\\Routing\\Router.php(657): Illuminate\\Routing\\Router->runRouteWithinStack(Object(Illuminate\\Routing\\Route), Object(Illuminate\\Http\\Request))
#42 E:\\Fiverr Projects\\Dilshan\\web\\Lahiru\\kitaAppBackend\\vendor\\laravel\\framework\\src\\Illuminate\\Routing\\Router.php(623): Illuminate\\Routing\\Router->runRoute(Object(Illuminate\\Http\\Request), Object(Illuminate\\Routing\\Route))
#43 E:\\Fiverr Projects\\Dilshan\\web\\Lahiru\\kitaAppBackend\\vendor\\laravel\\framework\\src\\Illuminate\\Routing\\Router.php(612): Illuminate\\Routing\\Router->dispatchToRoute(Object(Illuminate\\Http\\Request))
#44 E:\\Fiverr Projects\\Dilshan\\web\\Lahiru\\kitaAppBackend\\vendor\\laravel\\framework\\src\\Illuminate\\Foundation\\Http\\Kernel.php(176): Illuminate\\Routing\\Router->dispatch(Object(Illuminate\\Http\\Request))
#45 E:\\Fiverr Projects\\Dilshan\\web\\Lahiru\\kitaAppBackend\\vendor\\laravel\\framework\\src\\Illuminate\\Routing\\Pipeline.php(30): Illuminate\\Foundation\\Http\\Kernel->Illuminate\\Foundation\\Http\\{closure}(Object(Illuminate\\Http\\Request))
#46 E:\\Fiverr Projects\\Dilshan\\web\\Lahiru\\kitaAppBackend\\vendor\\laravel\\framework\\src\\Illuminate\\Foundation\\Http\\Middleware\\TransformsRequest.php(21): Illuminate\\Routing\\Pipeline->Illuminate\\Routing\\{closure}(Object(Illuminate\\Http\\Request))
#47 E:\\Fiverr Projects\\Dilshan\\web\\Lahiru\\kitaAppBackend\\vendor\\laravel\\framework\\src\\Illuminate\\Pipeline\\Pipeline.php(163): Illuminate\\Foundation\\Http\\Middleware\\TransformsRequest->handle(Object(Illuminate\\Http\\Request), Object(Closure))
#48 E:\\Fiverr Projects\\Dilshan\\web\\Lahiru\\kitaAppBackend\\vendor\\laravel\\framework\\src\\Illuminate\\Routing\\Pipeline.php(53): Illuminate\\Pipeline\\Pipeline->Illuminate\\Pipeline\\{closure}(Object(Illuminate\\Http\\Request))
#49 E:\\Fiverr Projects\\Dilshan\\web\\Lahiru\\kitaAppBackend\\app\\Http\\Middleware\\Cors.php(18): Illuminate\\Routing\\Pipeline->Illuminate\\Routing\\{closure}(Object(Illuminate\\Http\\Request))
#50 E:\\Fiverr Projects\\Dilshan\\web\\Lahiru\\kitaAppBackend\\vendor\\laravel\\framework\\src\\Illuminate\\Pipeline\\Pipeline.php(163): App\\Http\\Middleware\\Cors->handle(Object(Illuminate\\Http\\Request), Object(Closure))
#51 E:\\Fiverr Projects\\Dilshan\\web\\Lahiru\\kitaAppBackend\\vendor\\laravel\\framework\\src\\Illuminate\\Routing\\Pipeline.php(53): Illuminate\\Pipeline\\Pipeline->Illuminate\\Pipeline\\{closure}(Object(Illuminate\\Http\\Request))
#52 E:\\Fiverr Projects\\Dilshan\\web\\Lahiru\\kitaAppBackend\\vendor\\laravel\\framework\\src\\Illuminate\\Foundation\\Http\\Middleware\\TransformsRequest.php(21): Illuminate\\Routing\\Pipeline->Illuminate\\Routing\\{closure}(Object(Illuminate\\Http\\Request))
#53 E:\\Fiverr Projects\\Dilshan\\web\\Lahiru\\kitaAppBackend\\vendor\\laravel\\framework\\src\\Illuminate\\Pipeline\\Pipeline.php(163): Illuminate\\Foundation\\Http\\Middleware\\TransformsRequest->handle(Object(Illuminate\\Http\\Request), Object(Closure))
#54 E:\\Fiverr Projects\\Dilshan\\web\\Lahiru\\kitaAppBackend\\vendor\\laravel\\framework\\src\\Illuminate\\Routing\\Pipeline.php(53): Illuminate\\Pipeline\\Pipeline->Illuminate\\Pipeline\\{closure}(Object(Illuminate\\Http\\Request))
#55 E:\\Fiverr Projects\\Dilshan\\web\\Lahiru\\kitaAppBackend\\vendor\\laravel\\framework\\src\\Illuminate\\Foundation\\Http\\Middleware\\ValidatePostSize.php(27): Illuminate\\Routing\\Pipeline->Illuminate\\Routing\\{closure}(Object(Illuminate\\Http\\Request))
#56 E:\\Fiverr Projects\\Dilshan\\web\\Lahiru\\kitaAppBackend\\vendor\\laravel\\framework\\src\\Illuminate\\Pipeline\\Pipeline.php(163): Illuminate\\Foundation\\Http\\Middleware\\ValidatePostSize->handle(Object(Illuminate\\Http\\Request), Object(Closure))
#57 E:\\Fiverr Projects\\Dilshan\\web\\Lahiru\\kitaAppBackend\\vendor\\laravel\\framework\\src\\Illuminate\\Routing\\Pipeline.php(53): Illuminate\\Pipeline\\Pipeline->Illuminate\\Pipeline\\{closure}(Object(Illuminate\\Http\\Request))
#58 E:\\Fiverr Projects\\Dilshan\\web\\Lahiru\\kitaAppBackend\\vendor\\laravel\\framework\\src\\Illuminate\\Foundation\\Http\\Middleware\\CheckForMaintenanceMode.php(62): Illuminate\\Routing\\Pipeline->Illuminate\\Routing\\{closure}(Object(Illuminate\\Http\\Request))
#59 E:\\Fiverr Projects\\Dilshan\\web\\Lahiru\\kitaAppBackend\\vendor\\laravel\\framework\\src\\Illuminate\\Pipeline\\Pipeline.php(163): Illuminate\\Foundation\\Http\\Middleware\\CheckForMaintenanceMode->handle(Object(Illuminate\\Http\\Request), Object(Closure))
#60 E:\\Fiverr Projects\\Dilshan\\web\\Lahiru\\kitaAppBackend\\vendor\\laravel\\framework\\src\\Illuminate\\Routing\\Pipeline.php(53): Illuminate\\Pipeline\\Pipeline->Illuminate\\Pipeline\\{closure}(Object(Illuminate\\Http\\Request))
#61 E:\\Fiverr Projects\\Dilshan\\web\\Lahiru\\kitaAppBackend\\vendor\\fruitcake\\laravel-cors\\src\\HandleCors.php(37): Illuminate\\Routing\\Pipeline->Illuminate\\Routing\\{closure}(Object(Illuminate\\Http\\Request))
#62 E:\\Fiverr Projects\\Dilshan\\web\\Lahiru\\kitaAppBackend\\vendor\\laravel\\framework\\src\\Illuminate\\Pipeline\\Pipeline.php(163): Fruitcake\\Cors\\HandleCors->handle(Object(Illuminate\\Http\\Request), Object(Closure))
#63 E:\\Fiverr Projects\\Dilshan\\web\\Lahiru\\kitaAppBackend\\vendor\\laravel\\framework\\src\\Illuminate\\Routing\\Pipeline.php(53): Illuminate\\Pipeline\\Pipeline->Illuminate\\Pipeline\\{closure}(Object(Illuminate\\Http\\Request))
#64 E:\\Fiverr Projects\\Dilshan\\web\\Lahiru\\kitaAppBackend\\vendor\\fideloper\\proxy\\src\\TrustProxies.php(57): Illuminate\\Routing\\Pipeline->Illuminate\\Routing\\{closure}(Object(Illuminate\\Http\\Request))
#65 E:\\Fiverr Projects\\Dilshan\\web\\Lahiru\\kitaAppBackend\\vendor\\laravel\\framework\\src\\Illuminate\\Pipeline\\Pipeline.php(163): Fideloper\\Proxy\\TrustProxies->handle(Object(Illuminate\\Http\\Request), Object(Closure))
#66 E:\\Fiverr Projects\\Dilshan\\web\\Lahiru\\kitaAppBackend\\vendor\\laravel\\framework\\src\\Illuminate\\Routing\\Pipeline.php(53): Illuminate\\Pipeline\\Pipeline->Illuminate\\Pipeline\\{closure}(Object(Illuminate\\Http\\Request))
#67 E:\\Fiverr Projects\\Dilshan\\web\\Lahiru\\kitaAppBackend\\vendor\\laravel\\framework\\src\\Illuminate\\Pipeline\\Pipeline.php(104): Illuminate\\Routing\\Pipeline->Illuminate\\Routing\\{closure}(Object(Illuminate\\Http\\Request))
#68 E:\\Fiverr Projects\\Dilshan\\web\\Lahiru\\kitaAppBackend\\vendor\\laravel\\framework\\src\\Illuminate\\Foundation\\Http\\Kernel.php(151): Illuminate\\Pipeline\\Pipeline->then(Object(Closure))
#69 E:\\Fiverr Projects\\Dilshan\\web\\Lahiru\\kitaAppBackend\\vendor\\laravel\\framework\\src\\Illuminate\\Foundation\\Http\\Kernel.php(116): Illuminate\\Foundation\\Http\\Kernel->sendRequestThroughRouter(Object(Illuminate\\Http\\Request))
#70 E:\\Fiverr Projects\\Dilshan\\web\\Lahiru\\kitaAppBackend\\public\\index.php(55): Illuminate\\Foundation\\Http\\Kernel->handle(Object(Illuminate\\Http\\Request))
#71 E:\\Fiverr Projects\\Dilshan\\web\\Lahiru\\kitaAppBackend\\server.php(21): require_once('E:\\\\Fiverr Proje...')
#72 {main}
"} 
